 Process in group number            2
 A PDF is used, so alpha_s(MZ) is going to be modified
 Old value of alpha_s from param_card:   0.13000000000000003     
 New value of alpha_s from PDF edff   :  0.11799999999999999     
 pdf edff    not implemented in get_pdfup.
 known pdfs are
 none   eva    iww    dressedmrs02nlmrs02nncteq4_mcteq4_lcteq4_dcteq5_mcteq5_dcteq5_lcteq5m1cteq6_mcteq6_lcteq6l1nn23lo nn23lo1nn23nlo
 using cteq5_l
 Define smin to   0.0000000000000000     
 *****************************************************
 *               MadGraph/MadEvent                   *
 *        --------------------------------           *
 *          http://madgraph.hep.uiuc.edu             *
 *          http://madgraph.phys.ucl.ac.be           *
 *          http://madgraph.roma2.infn.it            *
 *        --------------------------------           *
 *                                                   *
 *          PARAMETER AND COUPLING VALUES            *
 *                                                   *
 *****************************************************

  External Params
  ---------------------------------
  
 aEWM1 =    132.50700000000001     
 mdl_Gf =    1.1663900000000000E-005
 aS =   0.13000000000000003     
 mdl_ymb =    4.7000000000000002     
 mdl_ymt =    173.00000000000000     
 mdl_ymtau =    1.7769999999999999     
 mdl_MZ =    91.188000000000002     
 mdl_MT =    173.00000000000000     
 mdl_MB =    4.7000000000000002     
 mdl_MH =    125.00000000000000     
 mdl_MTA =    1.7769999999999999     
 mdl_WZ =    2.4414039999999999     
 mdl_WW =    2.0476000000000001     
 mdl_WT =    1.4915000000000000     
 mdl_WH =    6.3823389999999999E-003
  Internal Params
  ---------------------------------
  
 mdl_conjg__CKM3x3 =    1.0000000000000000     
 mdl_conjg__CKM1x1 =    1.0000000000000000     
 mdl_CKM3x3 =    1.0000000000000000     
 mdl_complexi =  (  0.0000000000000000     ,  1.0000000000000000     )
 mdl_MZ__exp__2 =    8315.2513440000002     
 mdl_MZ__exp__4 =    69143404.913893804     
 mdl_sqrt__2 =    1.4142135623730951     
 mdl_MH__exp__2 =    15625.000000000000     
 mdl_aEW =    7.5467711139788835E-003
 mdl_MW =    80.419002445756163     
 mdl_sqrt__aEW =    8.6872153846781555E-002
 mdl_ee =   0.30795376724436879     
 mdl_MW__exp__2 =    6467.2159543705357     
 mdl_sw2 =   0.22224648578577766     
 mdl_cw =   0.88190334743339216     
 mdl_sqrt__sw2 =   0.47143025548407230     
 mdl_sw =   0.47143025548407230     
 mdl_g1 =   0.34919219678733299     
 mdl_gw =   0.65323293034757990     
 mdl_vev =    246.21845810181637     
 mdl_vev__exp__2 =    60623.529110035903     
 mdl_lam =   0.12886910601690263     
 mdl_yb =    2.6995554250465490E-002
 mdl_yt =   0.99366614581500623     
 mdl_ytau =    1.0206617000654717E-002
 mdl_muH =    88.388347648318430     
 mdl_I1x33 =  (  2.6995554250465490E-002,  0.0000000000000000     )
 mdl_I2x33 =  ( 0.99366614581500623     ,  0.0000000000000000     )
 mdl_I3x33 =  ( 0.99366614581500623     ,  0.0000000000000000     )
 mdl_I4x33 =  (  2.6995554250465490E-002,  0.0000000000000000     )
 mdl_ee__exp__2 =    9.4835522759998875E-002
 mdl_sw__exp__2 =   0.22224648578577769     
 mdl_cw__exp__2 =   0.77775351421422245     
  Internal Params evaluated point by point
  ----------------------------------------
  
 mdl_sqrt__aS =   0.36055512754639896     
 mdl_G__exp__2 =    1.6336281798666927     
  Couplings of sm
  ---------------------------------
  
         GC_1 =  -0.00000E+00  -0.10265E+00
         GC_2 =   0.00000E+00   0.20530E+00

 Collider parameters:
 --------------------

 Running at a a   machine @    1144000.0000000000       GeV
 PDF set = edff   
 alpha_s(Mz)= 0.1180 running at 2 loops.
 alpha_s(Mz)= 0.1180 running at 2 loops.
 Renormalization scale set on event-by-event basis
 Factorization   scale set on event-by-event basis


 getting user params
Enter number of events and max and min iterations: 
 Number of events and iterations         1000           5           3
Enter desired fractional accuracy: 
 Desired fractional accuracy:   0.10000000000000001     
Enter 0 for fixed, 2 for adjustable grid: 
Suppress amplitude (0 no, 1 yes)? 
 Using suppressed amplitude.
Exact helicity sum (0 yes, n = number/event)? 
 Explicitly summing over helicities
Enter Configuration Number: 
Running Configuration Number:    2
 Not subdividing B.W.
 Attempting mappinvarients           1           4
 Determine nb_t
 T-channel found:            1
 Completed mapping           4
 about to integrate            4        1000           5           3           4           1
 Using non-zero grid deformation.
  4 dimensions   1000 events  4 invarients  5 iterations  1 config(s),  (0.99)
 Using h-tuple random number sequence.
 Error opening grid
 Using Uniform Grid!          16
 Using uniform alpha   1.0000000000000000     
 Grid defined OK
 Set CM energy to    1144000.00
 Mapping Graph           2  to config           2
 Determine nb_t
 T-channel found:            1
Setting grid   1    0.14976E-11   1
 Transforming s_hat 1/s            3   5.9905129835199754E-012   0.0000000000000000        1308736000000.0000     
   2   1   2   3   4
 Masses: 0.000E+00 0.000E+00 0.000E+00 0.000E+00
Using random seed offsets     2 :      2
  with seed                   24
 Ranmar initialization seeds       31060        9399
  Particle       3       4
      Et >     1.4     1.4
       E >     0.0     0.0
     Eta <    -1.0    -1.0
   xqcut:      0.0     0.0
d R # 3  >    -0.0     0.0
s min # 3>     0.0     0.0
xqcutij # 3>     0.0     0.0
 Warning: Too low fact scales:    1.4972995637449611        1.4972995637449611     
 alpha_s for scale    6.3779795222663873       is   0.19873612912581221     
 ===============================================================
 |                                                             |
 |                       __    __  _______    ______           |
 |                      |  \  |  \|       \  /      \          |
 |   __      __         | $$  | $$| $$$$$$$\|  $$$$$$\         |
 |  |  \    /  \ ______ | $$  | $$| $$__/ $$| $$   \$$         |
 |   \$$ \/  $$ |      \| $$  | $$| $$    $$| $$               |
 |     \$$  $$   \$$$$$$| $$  | $$| $$$$$$$ | $$   __          |
 |      \$$$$           | $$__/ $$| $$      | $$__/  \         |
 |      | $$             \$$    $$| $$       \$$    $$         |
 |       \$$              \$$$$$$  \$$        \$$$$$$          |
 |                                                             |
 |    A library for exclusive photon-photon processes in       |
 |    ultraperipheral proton and nuclear collisions            |
 |                                                             |
 |    By Hua-Sheng Shao (LPTHE) and David d'Enterria (CERN)    |
 |                                                             |
 |    Please cite arXiv:22MM.XXXXX                             |
 |                                                             |
 ===============================================================
 INFO: generate grid of photon-photon flux in AB (will take a few minutes)
 INFO: Two photon UPCs in Pb208+Pb208 collisions
 INFO: generate a grid for TABhat in Woods Saxon (may take a few seconds)
 INFO: generate A grid for TAhat in Woods-Saxon (may take a few seconds)
 INFO: generate B grid for TAhat in Woods-Saxon (may take a few seconds)
 Adding good helicity            5  0.15820629539202641     
 Adding good helicity            8  0.34179370460797359     
 Adding good helicity            9  0.34179370460797359     
 Adding good helicity           12  0.15820629539202641     
 Warning: Too low fact scales:    1.8207363451155010        1.8207363451155010     
 Warning: Too low fact scales:    1.7988151779757402        1.7988151779757402     
 Warning: Too low fact scales:    1.6864122105947916        1.6864122105947916     
 Warning: Too low fact scales:    1.7051554423119428        1.7051554423119428     
 Warning: Too low fact scales:    1.5735074227505470        1.5735074227505470     
 Warning: Too low fact scales:    1.4922840586772705        1.4922840586772705     
 Warning: Too low fact scales:    1.7347387628392918        1.7347387628392918     
 Warning: Too low fact scales:    1.5466527878233998        1.5466527878233998     
 Warning: Too low fact scales:    1.9381771062812694        1.9381771062812694     
 Warning: Too low fact scales:    1.6780029390602782        1.6780029390602782     
 No more warnings written out this run.
 RESET CUMULATIVE VARIABLE
 Iteration  1   Mean: 0.1648E+09 Abs mean: 0.1648E+09   Fluctuation:  0.877E+07   0.943E+09    13.2%
  1    0.1648E+09 0.1648E+09 +- 0.8773E+07      1.68
 Writing out events   248842.45652327852        1.6833840368769137     
 Iteration  2   Mean: 0.1752E+09 Abs mean: 0.1752E+09   Fluctuation:  0.367E+07   0.432E+09    68.5%
  2    0.1752E+09 0.1752E+09 +- 0.3674E+07      0.94
 Iteration  3   Mean: 0.1715E+09 Abs mean: 0.1715E+09   Fluctuation:  0.217E+07   0.428E+09    73.8%
  3    0.1715E+09 0.1715E+09 +- 0.2169E+07      0.80
 Accuracy:    0.009   0.100   0.011   0.729
 Finished due to accuracy    9.0608273418560474E-003  0.10000000000000001     

 -------------------------------------------------------------------------------
 Accumulated results:   Integral =  0.1722E+09
                        Std dev  =  0.1827E+07
                       Cross sec =  0.1722E+09
             Chi**2 per DoF.     =      0.7294
 -------------------------------------------------------------------------------
 Found          533  events.
 Wrote          528  events.
 Actual xsec    172217511.31943938     
 Correct abs xsec    172217511.31943938     
 Event xsec    172217511.31943932     
 Events wgts > 1:            0
 % Cross section > 1:    0.0000000000000000        0.0000000000000000     
-------------------------------------------------
---------------------------
 Results Last   3 iters: Integral =   0.1722E+09
                     Abs integral =   0.1722E+09
                          Std dev =   0.1827E+07
                  Chi**2 per DoF. =      0.7478
-------------------------------------------------
---------------------------
 Status  0.10000000000000001                4           5

ls status:
events.lhe
ftn26
input_app.txt
results.dat
run1_app.log
