 Process in group number            1
 A PDF is used, so alpha_s(MZ) is going to be modified
 Old value of alpha_s from param_card:   0.13000000000000003     
 New value of alpha_s from PDF edff   :  0.11799999999999999     
 pdf edff    not implemented in get_pdfup.
 known pdfs are
 none   eva    iww    dressedmrs02nlmrs02nncteq4_mcteq4_lcteq4_dcteq5_mcteq5_dcteq5_lcteq5m1cteq6_mcteq6_lcteq6l1nn23lo nn23lo1nn23nlo
 using cteq5_l
 Define smin to   88.360000000000014     
 *****************************************************
 *               MadGraph/MadEvent                   *
 *        --------------------------------           *
 *          http://madgraph.hep.uiuc.edu             *
 *          http://madgraph.phys.ucl.ac.be           *
 *          http://madgraph.roma2.infn.it            *
 *        --------------------------------           *
 *                                                   *
 *          PARAMETER AND COUPLING VALUES            *
 *                                                   *
 *****************************************************

  External Params
  ---------------------------------
  
 aEWM1 =    132.50700000000001     
 mdl_Gf =    1.1663900000000000E-005
 aS =   0.13000000000000003     
 mdl_ymb =    4.7000000000000002     
 mdl_ymt =    173.00000000000000     
 mdl_ymtau =    1.7769999999999999     
 mdl_MZ =    91.188000000000002     
 mdl_MT =    173.00000000000000     
 mdl_MB =    4.7000000000000002     
 mdl_MH =    125.00000000000000     
 mdl_MTA =    1.7769999999999999     
 mdl_WZ =    2.4414039999999999     
 mdl_WW =    2.0476000000000001     
 mdl_WT =    1.4915000000000000     
 mdl_WH =    6.3823389999999999E-003
  Internal Params
  ---------------------------------
  
 mdl_conjg__CKM3x3 =    1.0000000000000000     
 mdl_conjg__CKM1x1 =    1.0000000000000000     
 mdl_CKM3x3 =    1.0000000000000000     
 mdl_complexi =  (  0.0000000000000000     ,  1.0000000000000000     )
 mdl_MZ__exp__2 =    8315.2513440000002     
 mdl_MZ__exp__4 =    69143404.913893804     
 mdl_sqrt__2 =    1.4142135623730951     
 mdl_MH__exp__2 =    15625.000000000000     
 mdl_aEW =    7.5467711139788835E-003
 mdl_MW =    80.419002445756163     
 mdl_sqrt__aEW =    8.6872153846781555E-002
 mdl_ee =   0.30795376724436879     
 mdl_MW__exp__2 =    6467.2159543705357     
 mdl_sw2 =   0.22224648578577766     
 mdl_cw =   0.88190334743339216     
 mdl_sqrt__sw2 =   0.47143025548407230     
 mdl_sw =   0.47143025548407230     
 mdl_g1 =   0.34919219678733299     
 mdl_gw =   0.65323293034757990     
 mdl_vev =    246.21845810181637     
 mdl_vev__exp__2 =    60623.529110035903     
 mdl_lam =   0.12886910601690263     
 mdl_yb =    2.6995554250465490E-002
 mdl_yt =   0.99366614581500623     
 mdl_ytau =    1.0206617000654717E-002
 mdl_muH =    88.388347648318430     
 mdl_I1x33 =  (  2.6995554250465490E-002,  0.0000000000000000     )
 mdl_I2x33 =  ( 0.99366614581500623     ,  0.0000000000000000     )
 mdl_I3x33 =  ( 0.99366614581500623     ,  0.0000000000000000     )
 mdl_I4x33 =  (  2.6995554250465490E-002,  0.0000000000000000     )
 mdl_ee__exp__2 =    9.4835522759998875E-002
 mdl_sw__exp__2 =   0.22224648578577769     
 mdl_cw__exp__2 =   0.77775351421422245     
  Internal Params evaluated point by point
  ----------------------------------------
  
 mdl_sqrt__aS =   0.36055512754639896     
 mdl_G__exp__2 =    1.6336281798666927     
  Couplings of sm
  ---------------------------------
  
         GC_1 =  -0.00000E+00  -0.10265E+00
         GC_2 =   0.00000E+00   0.20530E+00

 Collider parameters:
 --------------------

 Running at a a   machine @    1144000.0000000000       GeV
 PDF set = edff   
 alpha_s(Mz)= 0.1180 running at 2 loops.
 alpha_s(Mz)= 0.1180 running at 2 loops.
 Renormalization scale set on event-by-event basis
 Factorization   scale set on event-by-event basis


 getting user params
Enter number of events and max and min iterations: 
 Number of events and iterations         1000           5           3
Enter desired fractional accuracy: 
 Desired fractional accuracy:   0.10000000000000001     
Enter 0 for fixed, 2 for adjustable grid: 
Suppress amplitude (0 no, 1 yes)? 
 Using suppressed amplitude.
Exact helicity sum (0 yes, n = number/event)? 
 Explicitly summing over helicities
Enter Configuration Number: 
Running Configuration Number:    1
 Not subdividing B.W.
 Attempting mappinvarients           1           4
 Determine nb_t
 T-channel found:            1
 Completed mapping           4
 about to integrate            4        1000           5           3           4           1
 Using non-zero grid deformation.
  4 dimensions   1000 events  4 invarients  5 iterations  1 config(s),  (0.99)
 Using h-tuple random number sequence.
 Error opening grid
 Using Uniform Grid!          16
 Using uniform alpha   1.0000000000000000     
 Grid defined OK
 Set CM energy to    1144000.00
 Mapping Graph           1  to config           1
 Determine nb_t
 T-channel found:            1
Setting grid   1    0.16879E-10   1
 Transforming s_hat 1/s            3   6.7515526431610364E-011   88.360000000000014        1308736000000.0000     
   1   1   2   3   4
 Masses: 0.000E+00 0.000E+00 0.470E+01 0.470E+01
Using random seed offsets     1 :      1
  with seed                   24
 Ranmar initialization seeds       31059        9398
  Particle       3       4
      Et >     2.3     2.3
       E >     0.0     0.0
     Eta <    -1.0    -1.0
   xqcut:      0.0     0.0
d R # 3  >    -0.0     0.0
s min # 3>     0.0     0.0
xqcutij # 3>     0.0     0.0
 alpha_s for scale    5.3781927881125604       is   0.20803943800391755     
 Adding good helicity            2  0.37067364370666622     
 Adding good helicity            3   2.0907785897024628E-003
 Adding good helicity            5  0.12526010680668875     
 Adding good helicity            6   9.3596942844987859E-004
 Adding good helicity            7   9.3596942844987934E-004
 Adding good helicity            8   1.0353204004279049E-004
 Adding good helicity            9   1.0353204004279049E-004
 Adding good helicity           10   9.3596942844987934E-004
 Adding good helicity           11   9.3596942844987859E-004
 Adding good helicity           12  0.12526010680668875     
 Adding good helicity           14   2.0907785897024628E-003
 Adding good helicity           15  0.37067364370666622     
 ===============================================================
 |                                                             |
 |                       __    __  _______    ______           |
 |                      |  \  |  \|       \  /      \          |
 |   __      __         | $$  | $$| $$$$$$$\|  $$$$$$\         |
 |  |  \    /  \ ______ | $$  | $$| $$__/ $$| $$   \$$         |
 |   \$$ \/  $$ |      \| $$  | $$| $$    $$| $$               |
 |     \$$  $$   \$$$$$$| $$  | $$| $$$$$$$ | $$   __          |
 |      \$$$$           | $$__/ $$| $$      | $$__/  \         |
 |      | $$             \$$    $$| $$       \$$    $$         |
 |       \$$              \$$$$$$  \$$        \$$$$$$          |
 |                                                             |
 |    A library for exclusive photon-photon processes in       |
 |    ultraperipheral proton and nuclear collisions            |
 |                                                             |
 |    By Hua-Sheng Shao (LPTHE) and David d'Enterria (CERN)    |
 |                                                             |
 |    Please cite arXiv:22MM.XXXXX                             |
 |                                                             |
 ===============================================================
 INFO: generate grid of photon-photon flux in AB (will take a few minutes)
 INFO: Two photon UPCs in Pb208+Pb208 collisions
 INFO: generate a grid for TABhat in Woods Saxon (may take a few seconds)
 INFO: generate A grid for TAhat in Woods-Saxon (may take a few seconds)
 INFO: generate B grid for TAhat in Woods-Saxon (may take a few seconds)
 RESET CUMULATIVE VARIABLE
 Iteration  1   Mean: 0.5892E+06 Abs mean: 0.5892E+06   Fluctuation:  0.328E+05   0.463E+07    36.5%
  1    0.5892E+06 0.5892E+06 +- 0.3277E+05      1.76
 Writing out events   322.53333933351507        1.7590056155702971     
 Iteration  2   Mean: 0.6209E+06 Abs mean: 0.6209E+06   Fluctuation:  0.120E+05   0.193E+07    84.3%
  2    0.6209E+06 0.6209E+06 +- 0.1198E+05      0.86
 Iteration  3   Mean: 0.6015E+06 Abs mean: 0.6015E+06   Fluctuation:  0.675E+04   0.278E+07    84.5%
  3    0.6015E+06 0.6015E+06 +- 0.6751E+04      0.71
 Accuracy:    0.010   0.100   0.010   1.148
 Finished due to accuracy    1.0237487910725514E-002  0.10000000000000001     

 -------------------------------------------------------------------------------
 Accumulated results:   Integral =  0.6059E+06
                        Std dev  =  0.5790E+04
                       Cross sec =  0.6059E+06
             Chi**2 per DoF.     =      1.1477
 -------------------------------------------------------------------------------
 Found          451  events.
 Wrote          446  events.
 Actual xsec    605925.46480461652     
 Correct abs xsec    605925.46480461652     
 Event xsec    605925.46480462002     
 Events wgts > 1:            0
 % Cross section > 1:    0.0000000000000000        0.0000000000000000     
-------------------------------------------------
---------------------------
 Results Last   3 iters: Integral =   0.6059E+06
                     Abs integral =   0.6059E+06
                          Std dev =   0.5790E+04
                  Chi**2 per DoF. =      1.1189
-------------------------------------------------
---------------------------
 Status  0.10000000000000001                4           5

ls status:
events.lhe
ftn26
input_app.txt
results.dat
run1_app.log
