 Process in group number            1
 A PDF is used, so alpha_s(MZ) is going to be modified
 Old value of alpha_s from param_card:   0.13000000000000003     
 New value of alpha_s from PDF edff   :  0.11799999999999999     
 pdf edff    not implemented in get_pdfup.
 known pdfs are
 none   eva    iww    dressedmrs02nlmrs02nncteq4_mcteq4_lcteq4_dcteq5_mcteq5_dcteq5_lcteq5m1cteq6_mcteq6_lcteq6l1nn23lo nn23lo1nn23nlo
 using cteq5_l
 Define smin to   2.6010000000000003E-005
 *****************************************************
 *               MadGraph/MadEvent                   *
 *        --------------------------------           *
 *          http://madgraph.hep.uiuc.edu             *
 *          http://madgraph.phys.ucl.ac.be           *
 *          http://madgraph.roma2.infn.it            *
 *        --------------------------------           *
 *                                                   *
 *          PARAMETER AND COUPLING VALUES            *
 *                                                   *
 *****************************************************

  External Params
  ---------------------------------
  
 aEWM1 =    132.50700000000001     
 mdl_Gf =    1.1663900000000000E-005
 aS =   0.13000000000000003     
 mdl_lamWS =   0.22530000000000000     
 mdl_AWS =   0.80800000000000005     
 mdl_rhoWS =   0.13200000000000001     
 mdl_etaWS =   0.34100000000000003     
 mdl_ymdo =    5.0400000000000002E-003
 mdl_ymup =    2.5500000000000002E-003
 mdl_yms =   0.10100000000000001     
 mdl_ymc =    1.2700000000000000     
 mdl_ymb =    4.2000000000000002     
 mdl_ymt =    164.50000000000000     
 mdl_yme =    5.1099999999999995E-004
 mdl_ymm =   0.10566000000000000     
 mdl_ymtau =    1.7769999999999999     
 mdl_MZ =    91.188000000000002     
 mdl_MC =    1.2700000000000000     
 mdl_MT =    172.00000000000000     
 mdl_MB =    4.7000000000000002     
 mdl_MS =   0.10100000000000001     
 mdl_MD =    5.0400000000000002E-003
 mdl_MU =    2.5500000000000002E-003
 mdl_MH =    125.00000000000000     
 mdl_Me =    5.1099999999999995E-004
 mdl_MM =   0.10566000000000000     
 mdl_MTA =    1.7769999999999999     
 mdl_WZ =    2.4414039999999999     
 mdl_WW =    2.0476000000000001     
 mdl_WT =    1.5083359999999999     
 mdl_WH =    6.3823389999999999E-003
 mdl_WTau =    2.2699999999999998E-012
  Internal Params
  ---------------------------------
  
 mdl_lamWS__exp__2 =    5.0760090000000001E-002
 mdl_CKM1x1 =  ( 0.97461995499999998     ,  0.0000000000000000     )
 mdl_CKM1x2 =  ( 0.22530000000000000     ,  0.0000000000000000     )
 mdl_complexi =  (  0.0000000000000000     ,  1.0000000000000000     )
 mdl_lamWS__exp__3 =    1.1436248277000001E-002
 mdl_CKM1x3 =  (  1.2197444962317122E-003, -3.1510066152652563E-003)
 mdl_CKM2x1 =  (-0.22530000000000000     ,  0.0000000000000000     )
 mdl_CKM2x2 =  ( 0.97461995499999998     ,  0.0000000000000000     )
 mdl_CKM2x3 =  (  4.1014152720000002E-002,  0.0000000000000000     )
 mdl_CKM3x1 =  (  8.0207441115842885E-003, -3.1510066152652563E-003)
 mdl_CKM3x2 =  ( -4.1014152720000002E-002,  0.0000000000000000     )
 mdl_CKM3x3 =  (  1.0000000000000000     ,  0.0000000000000000     )
 mdl_MZ__exp__2 =    8315.2513440000002     
 mdl_MZ__exp__4 =    69143404.913893804     
 mdl_sqrt__2 =    1.4142135623730951     
 mdl_MH__exp__2 =    15625.000000000000     
 mdl_conjg__CKM1x3 =  (  1.2197444962317122E-003,  3.1510066152652563E-003)
 mdl_conjg__CKM2x3 =  (  4.1014152720000002E-002, -0.0000000000000000     )
 mdl_conjg__CKM3x3 =  (  1.0000000000000000     , -0.0000000000000000     )
 mdl_conjg__CKM2x1 =  (-0.22530000000000000     , -0.0000000000000000     )
 mdl_conjg__CKM3x1 =  (  8.0207441115842885E-003,  3.1510066152652563E-003)
 mdl_conjg__CKM2x2 =  ( 0.97461995499999998     , -0.0000000000000000     )
 mdl_conjg__CKM3x2 =  ( -4.1014152720000002E-002, -0.0000000000000000     )
 mdl_conjg__CKM1x1 =  ( 0.97461995499999998     , -0.0000000000000000     )
 mdl_conjg__CKM1x2 =  ( 0.22530000000000000     , -0.0000000000000000     )
 mdl_aEW =    7.5467711139788835E-003
 mdl_MW =    80.419002445756163     
 mdl_sqrt__aEW =    8.6872153846781555E-002
 mdl_ee =   0.30795376724436879     
 mdl_MW__exp__2 =    6467.2159543705357     
 mdl_sw2 =   0.22224648578577766     
 mdl_cw =   0.88190334743339216     
 mdl_sqrt__sw2 =   0.47143025548407230     
 mdl_sw =   0.47143025548407230     
 mdl_g1 =   0.34919219678733299     
 mdl_gw =   0.65323293034757990     
 mdl_vev =    246.21845810181637     
 mdl_vev__exp__2 =    60623.529110035903     
 mdl_lam =   0.12886910601690263     
 mdl_yb =    2.4123686777011714E-002
 mdl_yc =    7.2945433825725896E-003
 mdl_ye =    2.9350485578697581E-006
 mdl_ym =    6.0688303449025181E-004
 mdl_yt =   0.94484439876629200     
 mdl_ytau =    1.0206617000654717E-002
 mdl_muH =    88.388347648318430     
 mdl_I1x31 =  (  2.9424734175077769E-005,  7.6013896618950898E-005)
 mdl_I1x32 =  (  9.8941257364180317E-004,  0.0000000000000000     )
 mdl_I1x33 =  (  2.4123686777011714E-002,  0.0000000000000000     )
 mdl_I2x12 =  ( -1.6434606240936045E-003, -0.0000000000000000     )
 mdl_I2x13 =  (  7.5783551477681338E-003,  2.9772109509089099E-003)
 mdl_I2x22 =  (  7.1094075432684449E-003,  0.0000000000000000     )
 mdl_I2x23 =  ( -3.8751992467637282E-002, -0.0000000000000000     )
 mdl_I2x32 =  (  2.9917951631549758E-004,  0.0000000000000000     )
 mdl_I2x33 =  ( 0.94484439876629200     ,  0.0000000000000000     )
 mdl_I3x21 =  ( -1.6434606240936045E-003,  0.0000000000000000     )
 mdl_I3x22 =  (  7.1094075432684449E-003,  0.0000000000000000     )
 mdl_I3x23 =  (  2.9917951631549758E-004,  0.0000000000000000     )
 mdl_I3x31 =  (  7.5783551477681338E-003, -2.9772109509089099E-003)
 mdl_I3x32 =  ( -3.8751992467637282E-002,  0.0000000000000000     )
 mdl_I3x33 =  ( 0.94484439876629200     ,  0.0000000000000000     )
 mdl_I4x13 =  (  2.9424734175077769E-005, -7.6013896618950898E-005)
 mdl_I4x23 =  (  9.8941257364180317E-004,  0.0000000000000000     )
 mdl_I4x33 =  (  2.4123686777011714E-002,  0.0000000000000000     )
 mdl_ee__exp__2 =    9.4835522759998875E-002
 mdl_sw__exp__2 =   0.22224648578577769     
 mdl_cw__exp__2 =   0.77775351421422245     
  Internal Params evaluated point by point
  ----------------------------------------
  
 mdl_sqrt__aS =   0.36055512754639896     
 mdl_G__exp__2 =    1.6336281798666927     
  Couplings of sm_qmass
  ---------------------------------
  
         GC_1 =  -0.00000E+00  -0.10265E+00
         GC_2 =   0.00000E+00   0.20530E+00

 Collider parameters:
 --------------------

 Running at a a   machine @    1144000.0000000000       GeV
 PDF set = edff   
 alpha_s(Mz)= 0.1180 running at 2 loops.
 alpha_s(Mz)= 0.1180 running at 2 loops.
 Renormalization scale set on event-by-event basis
 Factorization   scale set on event-by-event basis


 getting user params
Enter number of events and max and min iterations: 
 Number of events and iterations         1000           5           3
Enter desired fractional accuracy: 
 Desired fractional accuracy:   0.10000000000000001     
Enter 0 for fixed, 2 for adjustable grid: 
Suppress amplitude (0 no, 1 yes)? 
 Using suppressed amplitude.
Exact helicity sum (0 yes, n = number/event)? 
 Explicitly summing over helicities
Enter Configuration Number: 
Running Configuration Number:    2
 Not subdividing B.W.
 Attempting mappinvarients           1           4
 Determine nb_t
 T-channel found:            1
 Completed mapping           4
 about to integrate            4        1000           5           3           4           1
 Using non-zero grid deformation.
  4 dimensions   1000 events  4 invarients  5 iterations  1 config(s),  (0.99)
 Using h-tuple random number sequence.
 Error opening grid
 Using Uniform Grid!          16
 Using uniform alpha   1.0000000000000000     
 Grid defined OK
 Set CM energy to    1144000.00
 Mapping Graph           2  to config           2
 Determine nb_t
 T-channel found:            1
Setting grid   1    0.49685E-17   1
 Warning: No minimum found for integration
          Setting minimum to    7.6409604381632357E-013
 Transforming s_hat 1/s            3   7.6409604381632357E-013   2.6010000000000003E-005   1308736000000.0000     
   2   1   2   3   4
 Masses: 0.000E+00 0.000E+00 0.255E-02 0.255E-02
Using random seed offsets     2 :      1
  with seed                   24
 Ranmar initialization seeds       31060        9398
  Particle       3       4
      Et >     0.0     0.0
       E >     0.0     0.0
     Eta <    -1.0    -1.0
   xqcut:      0.0     0.0
d R # 3  >    -0.0     0.0
s min # 3>     0.0     0.0
xqcutij # 3>     0.0     0.0
 Warning: Too low fact scales:   0.63020979388353160       0.63020979388353160     
 Warning: Too low fact scales:    3.9071355338447123E-003   3.9071355338447123E-003
 Warning: Too low fact scales:    7.1504701268822288E-002   7.1504701268822288E-002
 Warning: Too low fact scales:   0.47399421800869390       0.47399421800869390     
 Warning: Too low fact scales:   0.14299685445790397       0.14299685445790397     
 Warning: Too low fact scales:   0.53461842543538907       0.53461842543538907     
 Warning: Too low fact scales:    5.4479684912510248E-002   5.4479684912510248E-002
 Warning: Too low fact scales:   0.15034052062979256       0.15034052062979256     
 Warning: Too low fact scales:    5.1911686602729669E-003   5.1911686602729669E-003
 Warning: Too low fact scales:   0.21051642080876226       0.21051642080876226     
 Warning: Too low fact scales:    3.4428663947874676E-003   3.4428663947874676E-003
 No more warnings written out this run.
 alpha_s for scale    2.6176140080103787       is   0.26588439828981547     
 ===============================================================
 |                                                             |
 |                       __    __  _______    ______           |
 |                      |  \  |  \|       \  /      \          |
 |   __      __         | $$  | $$| $$$$$$$\|  $$$$$$\         |
 |  |  \    /  \ ______ | $$  | $$| $$__/ $$| $$   \$$         |
 |   \$$ \/  $$ |      \| $$  | $$| $$    $$| $$               |
 |     \$$  $$   \$$$$$$| $$  | $$| $$$$$$$ | $$   __          |
 |      \$$$$           | $$__/ $$| $$      | $$__/  \         |
 |      | $$             \$$    $$| $$       \$$    $$         |
 |       \$$              \$$$$$$  \$$        \$$$$$$          |
 |                                                             |
 |    A library for exclusive photon-photon processes in       |
 |    ultraperipheral proton and nuclear collisions            |
 |                                                             |
 |    By Hua-Sheng Shao (LPTHE) and David d'Enterria (CERN)    |
 |                                                             |
 |    Please cite arXiv:22MM.XXXXX                             |
 |                                                             |
 ===============================================================
 INFO: generate grid of photon-photon flux in AB (will take a few minutes)
 INFO: Two photon UPCs in Pb208+Pb208 collisions
 INFO: generate a grid for TABhat in Woods Saxon (may take a few seconds)
 INFO: generate A grid for TAhat in Woods-Saxon (may take a few seconds)
 INFO: generate B grid for TAhat in Woods-Saxon (may take a few seconds)
 Adding good helicity            2   8.0232595251286547E-007
 Adding good helicity            5   6.9257104131613900E-002
 Adding good helicity            6   1.3394581223970591E-007
 Adding good helicity            7   1.3394581223970596E-007
 Adding good helicity            8  0.43074182565080898     
 Adding good helicity            9  0.43074182565080898     
 Adding good helicity           10   1.3394581223970596E-007
 Adding good helicity           11   1.3394581223970591E-007
 Adding good helicity           12   6.9257104131613900E-002
 Adding good helicity           15   8.0232595251286547E-007
 RESET CUMULATIVE VARIABLE
 Iteration  1   Mean: 0.1704E+09 Abs mean: 0.1704E+09   Fluctuation:  0.106E+08   0.106E+10     0.4%
  1    0.1704E+09 0.1704E+09 +- 0.1056E+08      1.76
 Writing out events   6814997.3999027051        1.7615320438813742     
 Iteration  2   Mean: 0.1739E+09 Abs mean: 0.1739E+09   Fluctuation:  0.385E+07   0.611E+09    67.4%
  2    0.1739E+09 0.1739E+09 +- 0.3848E+07      0.99
 Iteration  3   Mean: 0.1727E+09 Abs mean: 0.1727E+09   Fluctuation:  0.223E+07   0.425E+09    73.5%
  3    0.1727E+09 0.1727E+09 +- 0.2226E+07      0.82
 Accuracy:    0.003   0.100   0.011   0.068
 Finished due to accuracy    2.8589296608266539E-003  0.10000000000000001     

 -------------------------------------------------------------------------------
 Accumulated results:   Integral =  0.1729E+09
                        Std dev  =  0.1896E+07
                       Cross sec =  0.1729E+09
             Chi**2 per DoF.     =      0.0680
 -------------------------------------------------------------------------------
 Found          531  events.
 Wrote          526  events.
 Actual xsec    172934602.03314158     
 Correct abs xsec    172934602.03314158     
 Event xsec    172934602.03314239     
 Events wgts > 1:            0
 % Cross section > 1:    0.0000000000000000        0.0000000000000000     
-------------------------------------------------
---------------------------
 Results Last   3 iters: Integral =   0.1729E+09
                     Abs integral =   0.1729E+09
                          Std dev =   0.1896E+07
                  Chi**2 per DoF. =      0.0685
-------------------------------------------------
---------------------------
 Status  0.10000000000000001                4           5

ls status:
events.lhe
ftn26
input_app.txt
results.dat
run1_app.log
